<?xml version="1.0" encoding="UTF-8"?>
<!-- Generated by org.testng.reporters.JUnitReportReporter -->
<testsuite hostname="NDI-LAP-138" failures="0" tests="3" name="testcases.EmployeeTestCase" time="29.598" errors="0" timestamp="2022-09-28T22:09:04 IST" skipped="0">
  <testcase classname="testcases.EmployeeTestCase" name="clearFiltersTest" time="0.526"/>
  <system-out/>
  <testcase classname="testcases.EmployeeTestCase" name="employee" time="12.792"/>
  <system-out/>
  <testcase classname="testcases.EmployeeTestCase" name="employee" time="16.280"/>
  <system-out/>
</testsuite> <!-- testcases.EmployeeTestCase -->
